Libraries/build/outputs/logs/manifest-merger-debug-report.txt
-- Merging decision tree log ---
manifest
ADDED from Momo-android-master/Libraries/AndroidManifest.xml:3:1-9:12
INJECTED from Momo-android-master/Libraries/AndroidManifest.xml:3:1-9:12
INJECTED from Momo-android-master/Libraries/AndroidManifest.xml:3:1-9:12
INJECTED from Momo-android-master/Libraries/AndroidManifest.xml:3:1-9:12
INJECTED from Momo-android-master/Libraries/AndroidManifest.xml:3:1-9:12
INJECTED from Momo-android-master/Libraries/AndroidManifest.xml:3:1-9:12
INJECTED from Momo-android-master/Libraries/AndroidManifest.xml:3:1-9:12
	package
		ADDED from Momo-android-master/Libraries/AndroidManifest.xml:4:5-37
		INJECTED from Momo-android-master/Libraries/AndroidManifest.xml
		INJECTED from Momo-android-master/Libraries/AndroidManifest.xml
	android:versionName
		ADDED from Momo-android-master/Libraries/AndroidManifest.xml:6:5-32
		INJECTED from Momo-android-master/Libraries/AndroidManifest.xml
		INJECTED from Momo-android-master/Libraries/AndroidManifest.xml
	xmlns:android
		ADDED from Momo-android-master/Libraries/AndroidManifest.xml:3:11-69
	android:versionCode
		ADDED from Momo-android-master/Libraries/AndroidManifest.xml:5:5-29
		INJECTED from Momo-android-master/Libraries/AndroidManifest.xml
		INJECTED from Momo-android-master/Libraries/AndroidManifest.xml
uses-sdk
ADDED from Momo-android-master/Libraries/AndroidManifest.xml:8:5-43
	android:minSdkVersion
		ADDED from Momo-android-master/Libraries/AndroidManifest.xml:8:15-40